Build started 17/12/2015 15:17:15.
     1>Project "H:\Documents\Year Two\c++\racing game\drawing\drawing.vcxproj" on node 2 (Build target(s)).
     1>C:\Program Files (x86)\MSBuild\Microsoft.Cpp\v4.0\V120\Microsoft.CppBuild.targets(381,5): warning MSB8028: The intermediate directory (Debug\) contains files shared from another project (drawing.vcxproj, Space Invaders.vcxproj).  This can lead to incorrect clean and rebuild behavior.
     1>ClCompile:
         C:\Program Files (x86)\Microsoft Visual Studio 12.0\VC\bin\CL.exe /c /ZI /nologo /W3 /WX- /sdl /Od /Oy- /D _MBCS /Gm /EHsc /RTC1 /MDd /GS /fp:precise /Zc:wchar_t /Zc:forScope /Fo"Debug\\" /Fd"Debug\vc120.pdb" /Gd /TP /analyze- /errorReport:prompt Main.cpp player.cpp
         player.cpp
     1>h:\documents\year two\c++\racing game\drawing\player.cpp(9): warning C4244: 'argument' : conversion from 'int' to 'float', possible loss of data
     1>h:\documents\year two\c++\racing game\drawing\player.cpp(13): warning C4244: 'argument' : conversion from 'int' to 'float', possible loss of data
     1>h:\documents\year two\c++\racing game\drawing\player.cpp(17): warning C4244: 'argument' : conversion from 'int' to 'float', possible loss of data
     1>h:\documents\year two\c++\racing game\drawing\player.cpp(29): warning C4244: 'argument' : conversion from 'int' to 'float', possible loss of data
     1>h:\documents\year two\c++\racing game\drawing\player.cpp(38): warning C4244: 'argument' : conversion from 'int' to 'float', possible loss of data
     1>h:\documents\year two\c++\racing game\drawing\player.cpp(39): warning C4244: 'argument' : conversion from 'int' to 'float', possible loss of data
         Main.cpp
     1>h:\documents\year two\c++\racing game\drawing\main.cpp(48): warning C4101: 'event' : unreferenced local variable
         Generating Code...
       Link:
         C:\Program Files (x86)\Microsoft Visual Studio 12.0\VC\bin\link.exe /ERRORREPORT:PROMPT /OUT:"H:\Documents\Year Two\c++\racing game\Debug\2D CarGame.exe" /INCREMENTAL /NOLOGO "sfml-graphics-d.lib" "sfml-window-d.lib" "sfml-system-d.lib" kernel32.lib user32.lib gdi32.lib winspool.lib comdlg32.lib advapi32.lib shell32.lib ole32.lib oleaut32.lib uuid.lib odbc32.lib odbccp32.lib kernel32.lib user32.lib gdi32.lib winspool.lib comdlg32.lib advapi32.lib shell32.lib ole32.lib oleaut32.lib uuid.lib odbc32.lib odbccp32.lib /MANIFEST /MANIFESTUAC:"level='asInvoker' uiAccess='false'" /manifest:embed /DEBUG /PDB:"H:\Documents\Year Two\c++\racing game\Debug\2D CarGame.pdb" /TLBID:1 /DYNAMICBASE /NXCOMPAT /IMPLIB:"H:\Documents\Year Two\c++\racing game\Debug\2D CarGame.lib" /MACHINE:X86 Debug\Main.obj
         Debug\player.obj
         drawing.vcxproj -> H:\Documents\Year Two\c++\racing game\Debug\2D CarGame.exe
     1>Done Building Project "H:\Documents\Year Two\c++\racing game\drawing\drawing.vcxproj" (Build target(s)).

Build succeeded.

Time Elapsed 00:00:04.89
