Build started 22/02/2016 20:56:29.
     1>Project "H:\Documents\Year Two\c++\2D racer new\2D Racing Game - p14133881\racing game\Racer\Racer.vcxproj" on node 2 (Build target(s)).
     1>ClCompile:
         C:\Program Files (x86)\Microsoft Visual Studio 12.0\VC\bin\CL.exe /c /ZI /nologo /W3 /WX- /sdl /Od /Oy- /D _MBCS /Gm /EHsc /RTC1 /MDd /GS /fp:precise /Zc:wchar_t /Zc:forScope /Fo"Debug\\" /Fd"Debug\vc120.pdb" /Gd /TP /analyze- /errorReport:prompt Main.cpp
         Main.cpp
     1>h:\documents\year two\c++\2d racer new\2d racing game - p14133881\racing game\racer\main.cpp(293): warning C4244: 'argument' : conversion from 'int' to 'float', possible loss of data
     1>h:\documents\year two\c++\2d racer new\2d racing game - p14133881\racing game\racer\main.cpp(297): warning C4244: 'argument' : conversion from 'int' to 'float', possible loss of data
     1>h:\documents\year two\c++\2d racer new\2d racing game - p14133881\racing game\racer\main.cpp(301): warning C4244: 'argument' : conversion from 'int' to 'float', possible loss of data
     1>h:\documents\year two\c++\2d racer new\2d racing game - p14133881\racing game\racer\main.cpp(305): warning C4244: 'argument' : conversion from 'int' to 'float', possible loss of data
     1>h:\documents\year two\c++\2d racer new\2d racing game - p14133881\racing game\racer\main.cpp(333): warning C4244: 'argument' : conversion from 'int' to 'float', possible loss of data
     1>h:\documents\year two\c++\2d racer new\2d racing game - p14133881\racing game\racer\main.cpp(337): warning C4244: 'argument' : conversion from 'int' to 'float', possible loss of data
     1>h:\documents\year two\c++\2d racer new\2d racing game - p14133881\racing game\racer\main.cpp(341): warning C4244: 'argument' : conversion from 'int' to 'float', possible loss of data
     1>h:\documents\year two\c++\2d racer new\2d racing game - p14133881\racing game\racer\main.cpp(345): warning C4244: 'argument' : conversion from 'int' to 'float', possible loss of data
     1>h:\documents\year two\c++\2d racer new\2d racing game - p14133881\racing game\racer\main.cpp(349): warning C4244: 'argument' : conversion from 'int' to 'float', possible loss of data
     1>h:\documents\year two\c++\2d racer new\2d racing game - p14133881\racing game\racer\main.cpp(355): warning C4244: 'initializing' : conversion from 'sf::Int32' to 'float', possible loss of data
     1>h:\documents\year two\c++\2d racer new\2d racing game - p14133881\racing game\racer\main.cpp(363): warning C4244: '=' : conversion from 'sf::Int32' to 'float', possible loss of data
     1>h:\documents\year two\c++\2d racer new\2d racing game - p14133881\racing game\racer\main.cpp(375): warning C4018: '<' : signed/unsigned mismatch
       Link:
         C:\Program Files (x86)\Microsoft Visual Studio 12.0\VC\bin\link.exe /ERRORREPORT:PROMPT /OUT:"H:\Documents\Year Two\c++\2D racer new\2D Racing Game - p14133881\racing game\Debug\2D CarGame.exe" /INCREMENTAL /NOLOGO "sfml-graphics-d.lib" "sfml-window-d.lib" "sfml-system-d.lib" kernel32.lib user32.lib gdi32.lib winspool.lib comdlg32.lib advapi32.lib shell32.lib ole32.lib oleaut32.lib uuid.lib odbc32.lib odbccp32.lib kernel32.lib user32.lib gdi32.lib winspool.lib comdlg32.lib advapi32.lib shell32.lib ole32.lib oleaut32.lib uuid.lib odbc32.lib odbccp32.lib /MANIFEST /MANIFESTUAC:"level='asInvoker' uiAccess='false'" /manifest:embed /DEBUG /PDB:"H:\Documents\Year Two\c++\2D racer new\2D Racing Game - p14133881\racing game\Debug\2D CarGame.pdb" /TLBID:1 /DYNAMICBASE /NXCOMPAT /IMPLIB:"H:\Documents\Year Two\c++\2D racer new\2D Racing Game - p14133881\racing game\Debug\2D CarGame.lib" /MACHINE:X86 Debug\Checkpoint.obj
         Debug\Entity.obj
         Debug\Main.obj
         Debug\OBB.obj
         Debug\player.obj
         Debug\track.obj
         Debug\Walls.obj
         Racer.vcxproj -> H:\Documents\Year Two\c++\2D racer new\2D Racing Game - p14133881\racing game\Debug\2D CarGame.exe
     1>Done Building Project "H:\Documents\Year Two\c++\2D racer new\2D Racing Game - p14133881\racing game\Racer\Racer.vcxproj" (Build target(s)).

Build succeeded.

Time Elapsed 00:00:02.75
